This is LuaHBTeX, Version 1.21.0 (MiKTeX 25.3) (format=lualatex 2025.3.29)  5 MAY 2025 10:26
 system commands enabled.
 file:line:error style messages enabled.
**c:/Users/fonta/Desktop/Uni/Repo/FOAI/Assignment4/main
(c:/Users/fonta/Desktop/Uni/Repo/FOAI/Assignment4/main.tex
LaTeX2e <2024-11-01> patch level 2
L3 programming layer <2025-01-18>
Lua module: luaotfload 2024-12-03 v3.29 Lua based OpenType font support
Lua module: lualibs 2023-07-13 v2.76 ConTeXt Lua standard libraries.
Lua module: lualibs-extended 2023-07-13 v2.76 ConTeXt Lua libraries -- extended 
collection.
luaotfload | conf : Root cache directory is "C:/Users/fonta/AppData/Local/MiKTeX
/luatex-cache/generic/names".
luaotfload | init : Loading fontloader "fontloader-2023-12-28.lua" from kpse-res
olved path "C:/Users/fonta/AppData/Local/Programs/MiKTeX/tex/luatex/luaotfload/f
ontloader-2023-12-28.lua".
Lua-only attribute luaotfload@noligature = 1
luaotfload | init : Context OpenType loader version 3.134
Inserting `luaotfload.node_processor' in `pre_linebreak_filter'.
Inserting `luaotfload.node_processor' in `hpack_filter'.
Inserting `luaotfload.glyph_stream' in `glyph_stream_provider'.
Inserting `luaotfload.define_font' in `define_font'.
Lua-only attribute luaotfload_color_attribute = 2
luaotfload | conf : Root cache directory is "C:/Users/fonta/AppData/Local/MiKTeX
/luatex-cache/generic/names".
Inserting `luaotfload.harf.strip_prefix' in `find_opentype_file'.
Inserting `luaotfload.harf.strip_prefix' in `find_truetype_file'.
Removing  `luaotfload.glyph_stream' from `glyph_stream_provider'.
Inserting `luaotfload.harf.glyphstream' in `glyph_stream_provider'.
Inserting `luaotfload.harf.finalize_vlist' in `post_linebreak_filter'.
Inserting `luaotfload.harf.finalize_hlist' in `hpack_filter'.
Inserting `luaotfload.cleanup_files' in `wrapup_run'.
Inserting `luaotfload.harf.finalize_unicode' in `finish_pdffile'.
Inserting `luaotfload.glyphinfo' in `glyph_info'.
Lua-only attribute luaotfload.letterspace_done = 3
Inserting `luaotfload.aux.set_sscale_dimens' in `luaotfload.patch_font'.
Inserting `luaotfload.aux.set_font_index' in `luaotfload.patch_font'.
Inserting `luaotfload.aux.patch_cambria_domh' in `luaotfload.patch_font'.
Inserting `luaotfload.aux.fixup_fontdata' in `luaotfload.patch_font_unsafe'.
Inserting `luaotfload.aux.set_capheight' in `luaotfload.patch_font'.
Inserting `luaotfload.aux.set_xheight' in `luaotfload.patch_font'.
Inserting `luaotfload.rewrite_fontname' in `luaotfload.patch_font'.
Inserting `tracingstacklevels' in `input_level_string'. (C:/Users/fonta/AppData
/Local/Programs/MiKTeX/tex/latex/base/article.cls
Document Class: article 2024/06/29 v1.4n Standard LaTeX document class
(C:/Users/fonta/AppData/Local/Programs/MiKTeX/tex/latex/base/size12.clo
File: size12.clo 2024/06/29 v1.4n Standard LaTeX file (size option)
luaotfload | db : Font names database loaded from C:/Users/fonta/AppData/Local/M
iKTeX/luatex-cache/generic/names/luaotfload-names.luc.gz)
\c@part=\count194
\c@section=\count195
\c@subsection=\count196
\c@subsubsection=\count197
\c@paragraph=\count198
\c@subparagraph=\count199
\c@figure=\count266
\c@table=\count267
\abovecaptionskip=\skip49
\belowcaptionskip=\skip50
\bibindent=\dimen140
)
(C:/Users/fonta/AppData/Local/Programs/MiKTeX/tex/latex/base/inputenc.sty
Package: inputenc 2024/02/08 v1.3d Input encoding file
\inpenc@prehook=\toks17
\inpenc@posthook=\toks18


Package inputenc Warning: inputenc package ignored with utf8 based engines.

) (C:/Users/fonta/AppData/Local/Programs/MiKTeX/tex/latex/base/fontenc.sty
Package: fontenc 2021/04/29 v2.0v Standard LaTeX package
LaTeX Font Info:    Trying to load font information for T1+lmr on input line 11
6.

(C:/Users/fonta/AppData/Local/Programs/MiKTeX/tex/latex/lm/t1lmr.fd
File: t1lmr.fd 2015/05/01 v1.6.1 Font defs for Latin Modern
))
(C:/Users/fonta/AppData/Local/Programs/MiKTeX/tex/latex/amsmath/amsmath.sty
Package: amsmath 2024/11/05 v2.17t AMS math features
\@mathmargin=\skip51

For additional information on amsmath, use the `?' option.
(C:/Users/fonta/AppData/Local/Programs/MiKTeX/tex/latex/amsmath/amstext.sty
Package: amstext 2021/08/26 v2.01 AMS text

(C:/Users/fonta/AppData/Local/Programs/MiKTeX/tex/latex/amsmath/amsgen.sty
File: amsgen.sty 1999/11/30 v2.0 generic functions
\@emptytoks=\toks19
\ex@=\dimen141
))
(C:/Users/fonta/AppData/Local/Programs/MiKTeX/tex/latex/amsmath/amsbsy.sty
Package: amsbsy 1999/11/29 v1.2d Bold Symbols
\pmbraise@=\dimen142
)
(C:/Users/fonta/AppData/Local/Programs/MiKTeX/tex/latex/amsmath/amsopn.sty
Package: amsopn 2022/04/08 v2.04 operator names
)
\inf@bad=\count268
LaTeX Info: Redefining \frac on input line 235.
\uproot@=\count269
\leftroot@=\count270
LaTeX Info: Redefining \overline on input line 398.
LaTeX Info: Redefining \colon on input line 409.
\classnum@=\count271
\DOTSCASE@=\count272
LaTeX Info: Redefining \ldots on input line 495.
LaTeX Info: Redefining \dots on input line 498.
LaTeX Info: Redefining \cdots on input line 619.
\Mathstrutbox@=\box52
\strutbox@=\box53
LaTeX Info: Redefining \big on input line 721.
LaTeX Info: Redefining \Big on input line 722.
LaTeX Info: Redefining \bigg on input line 723.
LaTeX Info: Redefining \Bigg on input line 724.
\big@size=\dimen143
LaTeX Font Info:    Redeclaring font encoding OML on input line 742.
LaTeX Font Info:    Redeclaring font encoding OMS on input line 743.
\macc@depth=\count273
LaTeX Info: Redefining \bmod on input line 904.
LaTeX Info: Redefining \pmod on input line 909.
LaTeX Info: Redefining \smash on input line 939.
LaTeX Info: Redefining \relbar on input line 969.
LaTeX Info: Redefining \Relbar on input line 970.
\c@MaxMatrixCols=\count274
\dotsspace@=\muskip17
\c@parentequation=\count275
\dspbrk@lvl=\count276
\tag@help=\toks20
\row@=\count277
\column@=\count278
\maxfields@=\count279
\andhelp@=\toks21
\eqnshift@=\dimen144
\alignsep@=\dimen145
\tagshift@=\dimen146
\tagwidth@=\dimen147
\totwidth@=\dimen148
\lineht@=\dimen149
\@envbody=\toks22
\multlinegap=\skip52
\multlinetaggap=\skip53
\mathdisplay@stack=\toks23
LaTeX Info: Redefining \[ on input line 2953.
LaTeX Info: Redefining \] on input line 2954.
)
(C:/Users/fonta/AppData/Local/Programs/MiKTeX/tex/latex/amsfonts/amssymb.sty
Package: amssymb 2013/01/14 v3.01 AMS font symbols

(C:/Users/fonta/AppData/Local/Programs/MiKTeX/tex/latex/amsfonts/amsfonts.sty
Package: amsfonts 2013/01/14 v3.01 Basic AMSFonts support
\symAMSa=\mathgroup4
\symAMSb=\mathgroup5
LaTeX Font Info:    Redeclaring math symbol \hbar on input line 98.
LaTeX Font Info:    Overwriting math alphabet `\mathfrak' in version `bold'
(Font)                  U/euf/m/n --> U/euf/b/n on input line 106.
)) (C:/Users/fonta/AppData/Local/Programs/MiKTeX/tex/latex/graphics/graphicx.st
y
Package: graphicx 2021/09/16 v1.2d Enhanced LaTeX Graphics (DPC,SPQR)

(C:/Users/fonta/AppData/Local/Programs/MiKTeX/tex/latex/graphics/keyval.sty
Package: keyval 2022/05/29 v1.15 key=value parser (DPC)
\KV@toks@=\toks24
)
(C:/Users/fonta/AppData/Local/Programs/MiKTeX/tex/latex/graphics/graphics.sty
Package: graphics 2024/08/06 v1.4g Standard LaTeX Graphics (DPC,SPQR)

(C:/Users/fonta/AppData/Local/Programs/MiKTeX/tex/latex/graphics/trig.sty
Package: trig 2023/12/02 v1.11 sin cos tan (DPC)
)
(C:/Users/fonta/AppData/Local/Programs/MiKTeX/tex/latex/graphics-cfg/graphics.c
fg
File: graphics.cfg 2016/06/04 v1.11 sample graphics configuration
)
Package graphics Info: Driver file: luatex.def on input line 106.

(C:/Users/fonta/AppData/Local/Programs/MiKTeX/tex/latex/graphics-def/luatex.def
File: luatex.def 2024/04/13 v1.2e Graphics/color driver for luatex
))
\Gin@req@height=\dimen150
\Gin@req@width=\dimen151
)
(C:/Users/fonta/AppData/Local/Programs/MiKTeX/tex/latex/hyperref/hyperref.sty
Package: hyperref 2024-11-05 v7.01l Hypertext links for LaTeX

(C:/Users/fonta/AppData/Local/Programs/MiKTeX/tex/generic/iftex/iftex.sty
Package: iftex 2024/12/12 v1.0g TeX engine tests
)
(C:/Users/fonta/AppData/Local/Programs/MiKTeX/tex/latex/kvsetkeys/kvsetkeys.sty
Package: kvsetkeys 2022-10-05 v1.19 Key value parser (HO)
)
(C:/Users/fonta/AppData/Local/Programs/MiKTeX/tex/generic/kvdefinekeys/kvdefine
keys.sty
Package: kvdefinekeys 2019-12-19 v1.6 Define keys (HO)
)
(C:/Users/fonta/AppData/Local/Programs/MiKTeX/tex/generic/pdfescape/pdfescape.s
ty
Package: pdfescape 2019/12/09 v1.15 Implements pdfTeX's escape features (HO)

(C:/Users/fonta/AppData/Local/Programs/MiKTeX/tex/generic/ltxcmds/ltxcmds.sty
Package: ltxcmds 2023-12-04 v1.26 LaTeX kernel commands for general use (HO)
)
(C:/Users/fonta/AppData/Local/Programs/MiKTeX/tex/generic/pdftexcmds/pdftexcmds
.sty
Package: pdftexcmds 2020-06-27 v0.33 Utility functions of pdfTeX for LuaTeX (HO
)

(C:/Users/fonta/AppData/Local/Programs/MiKTeX/tex/generic/infwarerr/infwarerr.s
ty
Package: infwarerr 2019/12/03 v1.5 Providing info/warning/error messages (HO)
)
Package pdftexcmds Info: \pdf@primitive is available.
Package pdftexcmds Info: \pdf@ifprimitive is available.
Package pdftexcmds Info: \pdfdraftmode found.
\pdftexcmds@toks=\toks25
))
(C:/Users/fonta/AppData/Local/Programs/MiKTeX/tex/latex/hycolor/hycolor.sty
Package: hycolor 2020-01-27 v1.10 Color options for hyperref/bookmark (HO)
)
(C:/Users/fonta/AppData/Local/Programs/MiKTeX/tex/latex/hyperref/nameref.sty
Package: nameref 2023-11-26 v2.56 Cross-referencing by name of section

(C:/Users/fonta/AppData/Local/Programs/MiKTeX/tex/latex/refcount/refcount.sty
Package: refcount 2019/12/15 v3.6 Data extraction from label references (HO)
)
(C:/Users/fonta/AppData/Local/Programs/MiKTeX/tex/generic/gettitlestring/gettit
lestring.sty
Package: gettitlestring 2019/12/15 v1.6 Cleanup title references (HO)

(C:/Users/fonta/AppData/Local/Programs/MiKTeX/tex/latex/kvoptions/kvoptions.sty
Package: kvoptions 2022-06-15 v3.15 Key value format for package options (HO)
))
\c@section@level=\count280
)
(C:/Users/fonta/AppData/Local/Programs/MiKTeX/tex/latex/etoolbox/etoolbox.sty
Package: etoolbox 2025/02/11 v2.5l e-TeX tools for LaTeX (JAW)
\etb@tempcnta=\count281
)
(C:/Users/fonta/AppData/Local/Programs/MiKTeX/tex/generic/stringenc/stringenc.s
ty
Package: stringenc 2019/11/29 v1.12 Convert strings between diff. encodings (HO
)
)
\@linkdim=\dimen152
\Hy@linkcounter=\count282
\Hy@pagecounter=\count283
 (C:/Users/fonta/AppData/Local/Programs/MiKTeX/tex/latex/hyperref/pd1enc.def
File: pd1enc.def 2024-11-05 v7.01l Hyperref: PDFDocEncoding definition (HO)
) (C:/Users/fonta/AppData/Local/Programs/MiKTeX/tex/generic/intcalc/intcalc.sty
Package: intcalc 2019/12/15 v1.3 Expandable calculations with integers (HO)
)
\Hy@SavedSpaceFactor=\count284
 (C:/Users/fonta/AppData/Local/Programs/MiKTeX/tex/latex/hyperref/puenc.def
File: puenc.def 2024-11-05 v7.01l Hyperref: PDF Unicode definition (HO)
)
Package hyperref Info: Hyper figures OFF on input line 4157.
Package hyperref Info: Link nesting OFF on input line 4162.
Package hyperref Info: Hyper index ON on input line 4165.
Package hyperref Info: Plain pages OFF on input line 4172.
Package hyperref Info: Backreferencing OFF on input line 4177.
Package hyperref Info: Implicit mode ON; LaTeX internals redefined.
Package hyperref Info: Bookmarks ON on input line 4424.
\c@Hy@tempcnt=\count285

(C:/Users/fonta/AppData/Local/Programs/MiKTeX/tex/latex/url/url.sty
\Urlmuskip=\muskip18
Package: url 2013/09/16  ver 3.4  Verb mode for urls, etc.
)
LaTeX Info: Redefining \url on input line 4763.
\XeTeXLinkMargin=\dimen153

(C:/Users/fonta/AppData/Local/Programs/MiKTeX/tex/generic/bitset/bitset.sty
Package: bitset 2019/12/09 v1.3 Handle bit-vector datatype (HO)

(C:/Users/fonta/AppData/Local/Programs/MiKTeX/tex/generic/bigintcalc/bigintcalc
.sty
Package: bigintcalc 2019/12/15 v1.5 Expandable calculations on big integers (HO
)
))
\Fld@menulength=\count286
\Field@Width=\dimen154
\Fld@charsize=\dimen155
Package hyperref Info: Hyper figures OFF on input line 6042.
Package hyperref Info: Link nesting OFF on input line 6047.
Package hyperref Info: Hyper index ON on input line 6050.
Package hyperref Info: backreferencing OFF on input line 6057.
Package hyperref Info: Link coloring OFF on input line 6062.
Package hyperref Info: Link coloring with OCG OFF on input line 6067.
Package hyperref Info: PDF/A mode OFF on input line 6072.

(C:/Users/fonta/AppData/Local/Programs/MiKTeX/tex/latex/base/atbegshi-ltx.sty
Package: atbegshi-ltx 2021/01/10 v1.0c Emulation of the original atbegshi
package with kernel methods
)
\Hy@abspage=\count287
\c@Item=\count288
\c@Hfootnote=\count289
)
Package hyperref Info: Driver (autodetected): hluatex.
(C:/Users/fonta/AppData/Local/Programs/MiKTeX/tex/latex/hyperref/hluatex.def
File: hluatex.def 2024-11-05 v7.01l Hyperref driver for luaTeX

(C:/Users/fonta/AppData/Local/Programs/MiKTeX/tex/latex/base/atveryend-ltx.sty
Package: atveryend-ltx 2020/08/19 v1.0a Emulation of the original atveryend pac
kage
with kernel methods
)
\Fld@listcount=\count290
\c@bookmark@seq@number=\count291

(C:/Users/fonta/AppData/Local/Programs/MiKTeX/tex/latex/rerunfilecheck/rerunfil
echeck.sty
Package: rerunfilecheck 2022-07-10 v1.10 Rerun checks for auxiliary files (HO)

(C:/Users/fonta/AppData/Local/Programs/MiKTeX/tex/generic/uniquecounter/uniquec
ounter.sty
Package: uniquecounter 2019/12/15 v1.4 Provide unlimited unique counter (HO)
)
Package uniquecounter Info: New unique counter `rerunfilecheck' on input line 2
85.
)
\Hy@SectionHShift=\skip54
)
(C:/Users/fonta/AppData/Local/Programs/MiKTeX/tex/latex/preprint/authblk.sty
Package: authblk 2001/02/27 1.3 (PWD)
\affilsep=\skip55
\@affilsep=\skip56
\c@Maxaffil=\count292
\c@authors=\count293
\c@affil=\count294
)
(C:/Users/fonta/AppData/Local/Programs/MiKTeX/tex/latex/booktabs/booktabs.sty
Package: booktabs 2020/01/12 v1.61803398 Publication quality tables
\heavyrulewidth=\dimen156
\lightrulewidth=\dimen157
\cmidrulewidth=\dimen158
\belowrulesep=\dimen159
\belowbottomsep=\dimen160
\aboverulesep=\dimen161
\abovetopsep=\dimen162
\cmidrulesep=\dimen163
\cmidrulekern=\dimen164
\defaultaddspace=\dimen165
\@cmidla=\count295
\@cmidlb=\count296
\@aboverulesep=\dimen166
\@belowrulesep=\dimen167
\@thisruleclass=\count297
\@lastruleclass=\count298
\@thisrulewidth=\dimen168
)
(C:/Users/fonta/AppData/Local/Programs/MiKTeX/tex/latex/listings/listings.sty
\lst@mode=\count299
\lst@gtempboxa=\box54
\lst@token=\toks26
\lst@length=\count300
\lst@currlwidth=\dimen169
\lst@column=\count301
\lst@pos=\count302
\lst@lostspace=\dimen170
\lst@width=\dimen171
\lst@newlines=\count303
\lst@lineno=\count304
\lst@maxwidth=\dimen172

(C:/Users/fonta/AppData/Local/Programs/MiKTeX/tex/latex/listings/lstpatch.sty
File: lstpatch.sty 2024/09/23 1.10c (Carsten Heinz)
)
(C:/Users/fonta/AppData/Local/Programs/MiKTeX/tex/latex/listings/lstmisc.sty
File: lstmisc.sty 2024/09/23 1.10c (Carsten Heinz)
\c@lstnumber=\count305
\lst@skipnumbers=\count306
\lst@framebox=\box55
)
(C:/Users/fonta/AppData/Local/Programs/MiKTeX/tex/latex/listings/listings.cfg
File: listings.cfg 2024/09/23 1.10c listings configuration
))
Package: listings 2024/09/23 1.10c (Carsten Heinz)
(C:/Users/fonta/AppData/Local/Programs/MiKTeX/tex/latex/xcolor/xcolor.sty
Package: xcolor 2024/09/29 v3.02 LaTeX color extensions (UK)

(C:/Users/fonta/AppData/Local/Programs/MiKTeX/tex/latex/graphics-cfg/color.cfg
File: color.cfg 2016/01/02 v1.6 sample color configuration
)
Package xcolor Info: Driver file: luatex.def on input line 274.
(C:/Users/fonta/AppData/Local/Programs/MiKTeX/tex/latex/graphics/mathcolor.ltx)
Package xcolor Info: Model `cmy' substituted by `cmy0' on input line 1349.
Package xcolor Info: Model `hsb' substituted by `rgb' on input line 1353.
Package xcolor Info: Model `RGB' extended on input line 1365.
Package xcolor Info: Model `HTML' substituted by `rgb' on input line 1367.
Package xcolor Info: Model `Hsb' substituted by `hsb' on input line 1368.
Package xcolor Info: Model `tHsb' substituted by `hsb' on input line 1369.
Package xcolor Info: Model `HSB' substituted by `hsb' on input line 1370.
Package xcolor Info: Model `Gray' substituted by `gray' on input line 1371.
Package xcolor Info: Model `wave' substituted by `hsb' on input line 1372.
)
(C:/Users/fonta/AppData/Local/Programs/MiKTeX/tex/latex/l3backend/l3backend-lua
tex.def
File: l3backend-luatex.def 2024-05-08 L3 backend support: PDF output (LuaTeX)
\l__color_backend_stack_int=\count307
Inserting `l3color' in `luaotfload.parse_color'.
\l__pdf_internal_box=\box56
) (./main.aux)
\openout1 = main.aux

LaTeX Font Info:    Checking defaults for OML/cmm/m/it on input line 47.
LaTeX Font Info:    ... okay on input line 47.
LaTeX Font Info:    Checking defaults for OMS/cmsy/m/n on input line 47.
LaTeX Font Info:    ... okay on input line 47.
LaTeX Font Info:    Checking defaults for OT1/cmr/m/n on input line 47.
LaTeX Font Info:    ... okay on input line 47.
LaTeX Font Info:    Checking defaults for T1/cmr/m/n on input line 47.
LaTeX Font Info:    ... okay on input line 47.
LaTeX Font Info:    Checking defaults for TS1/cmr/m/n on input line 47.
LaTeX Font Info:    ... okay on input line 47.
LaTeX Font Info:    Checking defaults for TU/lmr/m/n on input line 47.
LaTeX Font Info:    ... okay on input line 47.
LaTeX Font Info:    Checking defaults for OMX/cmex/m/n on input line 47.
LaTeX Font Info:    ... okay on input line 47.
LaTeX Font Info:    Checking defaults for U/cmr/m/n on input line 47.
LaTeX Font Info:    ... okay on input line 47.
LaTeX Font Info:    Checking defaults for PD1/pdf/m/n on input line 47.
LaTeX Font Info:    ... okay on input line 47.
LaTeX Font Info:    Checking defaults for PU/pdf/m/n on input line 47.
LaTeX Font Info:    ... okay on input line 47.

(C:/Users/fonta/AppData/Local/Programs/MiKTeX/tex/context/base/mkii/supp-pdf.mk
ii
[Loading MPS to PDF converter (version 2006.09.02).]
\scratchcounter=\count308
\scratchdimen=\dimen173
\scratchbox=\box57
\nofMPsegments=\count309
\nofMParguments=\count310
\everyMPshowfont=\toks27
\MPscratchCnt=\count311
\MPscratchDim=\dimen174
\MPnumerator=\count312
\makeMPintoPDFobject=\count313
\everyMPtoPDFconversion=\toks28
)
(C:/Users/fonta/AppData/Local/Programs/MiKTeX/tex/latex/epstopdf-pkg/epstopdf-b
ase.sty
Package: epstopdf-base 2020-01-24 v2.11 Base part for package epstopdf
Package epstopdf-base Info: Redefining graphics rule for `.eps' on input line 4
85.

(C:/Users/fonta/AppData/Local/Programs/MiKTeX/tex/latex/00miktex/epstopdf-sys.c
fg
File: epstopdf-sys.cfg 2021/03/18 v2.0 Configuration of epstopdf for MiKTeX
))
Package hyperref Info: Link coloring OFF on input line 47.
 (./main.out) (./main.out)
\@outlinefile=\write3

\openout3 = main.out
\c@lstlisting=\count314
LaTeX Font Info:    Trying to load font information for U+msa on input line 49.


(C:/Users/fonta/AppData/Local/Programs/MiKTeX/tex/latex/amsfonts/umsa.fd
File: umsa.fd 2013/01/14 v3.01 AMS symbols A
)
LaTeX Font Info:    Trying to load font information for U+msb on input line 49.


(C:/Users/fonta/AppData/Local/Programs/MiKTeX/tex/latex/amsfonts/umsb.fd
File: umsb.fd 2013/01/14 v3.01 AMS symbols B
)
(./main.toc)
\tf@toc=\write4

\openout4 = main.toc


[1

{C:/Users/fonta/AppData/Local/MiKTeX/fonts/map/pdftex/pdftex.map}]
LaTeX Font Info:    Trying to load font information for T1+lmtt on input line 6
7.

(C:/Users/fonta/AppData/Local/Programs/MiKTeX/tex/latex/lm/t1lmtt.fd
File: t1lmtt.fd 2015/05/01 v1.6.1 Font defs for Latin Modern
)
Overfull \hbox (12.04794pt too wide) in paragraph at lines 73--74
\T1/lmr/m/n/12 The \T1/lmtt/m/n/12 :- dynamic Predicate/Arity \T1/lmr/m/n/12 di-
rec-tive de-clares that the facts for \T1/lmtt/m/n/12 node/2\T1/lmr/m/n/12 ,
 []


Overfull \hbox (13.91774pt too wide) in paragraph at lines 73--74
\T1/lmtt/m/n/12 arc/4\T1/lmr/m/n/12 , and the helper \T1/lmtt/m/n/12 edge/2 \T1
/lmr/m/n/12 can be added (\T1/lmtt/m/n/12 assertz\T1/lmr/m/n/12 ) or re-moved (\T1/lmtt/m/n/12 retractall\T1/lmr/m/n/12 )
 []



[2]
Overfull \hbox (0.59598pt too wide) in paragraph at lines 99--100
[]\T1/lmr/m/n/12 It then calls \T1/lmtt/m/n/12 find_cycles_starting_from_nodes/2
 \T1/lmr/m/n/12 with this list. 
 []


Overfull \hbox (1.87389pt too wide) in paragraph at lines 102--103
[]\T1/lmtt/m/n/12 find_cycles_starting_from_nodes/2\T1/lmr/m/n/12 : It-er-ates 
through all nodes and
 []


Overfull \hbox (50.53189pt too wide) in paragraph at lines 105--106
[]\T1/lmr/m/n/12 The goal is \T1/lmtt/m/n/12 (member(StartNode, Nodes), edge(Sta
rtNode, Neighbor),
 []


Overfull \hbox (24.55014pt too wide) in paragraph at lines 105--106
\T1/lmtt/m/n/12 dfs_find_cycle(Neighbor, StartNode, [Neighbor, StartNode],
 []


Overfull \hbox (1.6599pt too wide) in paragraph at lines 107--108
[]\T1/lmtt/m/n/12 edge(StartNode, Neighbor) \T1/lmr/m/n/12 finds a node di-rectl
y reach-able from
 []


Overfull \hbox (0.67804pt too wide) in paragraph at lines 109--110
[]\T1/lmtt/m/n/12 findall \T1/lmr/m/n/12 col-lects all suc-cess-ful \T1/lmtt/m/
n/12 Cycle \T1/lmr/m/n/12 bind-ings found through back-
 []



[3]
Overfull \hbox (58.21547pt too wide) in paragraph at lines 115--116
\T1/lmr/m/n/12 men-tar-ity), the pred-i-cate calls it-self re-cur-sively: \T1/l
mtt/m/n/12 dfs_find_cycle(NextNode,
 []


Overfull \hbox (6.0481pt too wide) in paragraph at lines 115--116
\T1/lmtt/m/n/12 TargetNode, [NextNode | PathSoFar], Cycle)\T1/lmr/m/n/12 . The 
\T1/lmtt/m/n/12 NextNode
 []


Overfull \hbox (53.37918pt too wide) in paragraph at lines 123--124
[]\T1/lmtt/m/n/12 filter_simple_cycles/2\T1/lmr/m/n/12 : Takes a list of el-e-me
n-tary cy-cles (\T1/lmtt/m/n/12 ElementaryCycles\T1/lmr/m/n/12 )
 []


Overfull \hbox (83.96202pt too wide) in paragraph at lines 123--124
\T1/lmr/m/n/12 and re-turns only those that sat-isfy the sim-plic-ity con-di-tio
n (\T1/lmtt/m/n/12 NormalizedSimpleCycles\T1/lmr/m/n/12 ). 
 []


Overfull \hbox (32.78978pt too wide) in paragraph at lines 126--127
\T1/lmr/m/n/12 this \T1/lmtt/m/n/12 Cycle\T1/lmr/m/n/12 . It then nor-mal-izes 
the cy-cle us-ing \T1/lmtt/m/n/12 normalize_cycle(Cycle,
 []


Overfull \hbox (33.7445pt too wide) in paragraph at lines 127--128
[]\T1/lmr/m/n/12 **Re-cur-sive Step 2 (Not a Sim-ple Cy-cle):** If \T1/lmtt/m/n
/12 is_simple_cycle(Cycle)
 []



[4]
Overfull \hbox (4.73027pt too wide) in paragraph at lines 133--134
[]\T1/lmr/m/n/12 It uses \T1/lmtt/m/n/12 append(PathNodesWithoutEnd, [Start], Pa
thNodes) \T1/lmr/m/n/12 to
 []


Overfull \hbox (11.71931pt too wide) in paragraph at lines 134--135
\T1/lmr/m/n/12 der: \T1/lmtt/m/n/12 NodesInCycle = [Start | PathNodesWithoutEnd]
 \T1/lmr/m/n/12 (e.g., \T1/lmtt/m/n/12 [a,
 []


Overfull \hbox (4.8635pt too wide) in paragraph at lines 137--138
[]\T1/lmtt/m/n/12 check_all_pairs_shortest_path/2\T1/lmr/m/n/12 : It-er-ates thr
ough all or-dered pairs
 []


Overfull \hbox (67.77516pt too wide) in paragraph at lines 140--141
\T1/lmtt/m/n/12 check_pairs_from_node(N1, OriginalCycleNodes, OriginalCycleNodes
)
 []


Overfull \hbox (19.15796pt too wide) in paragraph at lines 148--149
\T1/lmtt/m/n/12 N1 \T1/lmr/m/n/12 to \T1/lmtt/m/n/12 N2 \T1/lmr/m/n/12 us-ing \
T1/lmtt/m/n/12 shortest_path_length/3\T1/lmr/m/n/12 , stor-ing it in \T1/lmtt/m
/n/12 ShortestDist\T1/lmr/m/n/12 . 
 []



[5]
Overfull \hbox (22.24902pt too wide) in paragraph at lines 151--152
\T1/lmtt/m/n/12 ShortestDist >= CycleDist\T1/lmr/m/n/12 . If a shorter path ex-i
sts (\T1/lmtt/m/n/12 ShortestDist
 []


Overfull \hbox (11.35289pt too wide) in paragraph at lines 165--166
[]\T1/lmr/m/n/12 It calls \T1/lmtt/m/n/12 bfs/4 \T1/lmr/m/n/12 to per-form the 
search. The ini-tial call is \T1/lmtt/m/n/12 bfs([[Start,
 []


Overfull \hbox (2.08855pt too wide) in paragraph at lines 165--166
\T1/lmtt/m/n/12 0]], End, [Start], Length)\T1/lmr/m/n/12 , start-ing the queue 
with the \T1/lmtt/m/n/12 Start
 []



[6]
Overfull \hbox (38.71808pt too wide) in paragraph at lines 167--168
[]\T1/lmr/m/n/12 If \T1/lmtt/m/n/12 bfs/4 \T1/lmr/m/n/12 fails to find a path, 
the sec-ond clause \T1/lmtt/m/n/12 shortest_path_length(_,
 []


Overfull \hbox (28.92511pt too wide) in paragraph at lines 169--170
[]\T1/lmtt/m/n/12 bfs/4\T1/lmr/m/n/12 : The stan-dard BFS im-ple-men-ta-tion: \
T1/lmtt/m/n/12 bfs(Queue, Target, Visited,
 []


Overfull \hbox (9.80113pt too wide) in paragraph at lines 171--172
[]\T1/lmr/m/n/12 **Base Case 1 (Queue Empty):** \T1/lmtt/m/n/12 bfs([], _, _, _)
 :- !, fail.
 []


Overfull \hbox (1.99347pt too wide) in paragraph at lines 172--173
[]\T1/lmr/m/n/12 **Base Case 2 (Tar-get Found):** \T1/lmtt/m/n/12 bfs([[Target, Length] | _],
 []


Overfull \hbox (29.7675pt too wide) in paragraph at lines 173--174
[]\T1/lmr/m/n/12 **Re-cur-sive Step:** \T1/lmtt/m/n/12 bfs([[Current, Dist] | Re
stQueue], Target,
 []


Overfull \hbox (77.23172pt too wide) in paragraph at lines 177--178
[]\T1/lmr/m/n/12 Adds neigh-bors to the back of the queue: \T1/lmtt/m/n/12 add_n
eighbors_to_queue(Neighbors,
 []


Overfull \hbox (28.20676pt too wide) in paragraph at lines 178--179
[]\T1/lmr/m/n/12 Up-dates the vis-ited list: \T1/lmtt/m/n/12 append(Visited, Nei
ghbors, NewVisited)\T1/lmr/m/n/12 ,
 []


Overfull \hbox (21.25517pt too wide) in paragraph at lines 178--179
\T1/lmtt/m/n/12 list_to_set(NewVisited, UniqueVisited)\T1/lmr/m/n/12 . Us-ing \
T1/lmtt/m/n/12 list_to_set/2
 []


Overfull \hbox (68.98555pt too wide) in paragraph at lines 183--184
[]\T1/lmr/m/n/12 Uses \T1/lmtt/m/n/12 findall([N, Distance], member(N, Neighbors
), NeighborEntries)
 []



[7]
Overfull \hbox (44.16985pt too wide) in paragraph at lines 192--198
\T1/lmr/m/n/12 so that it starts with this min-i-mum node us-ing \T1/lmtt/m/n/1
2 rotate_list_to_start_with/3\T1/lmr/m/n/12 .
 []


Overfull \hbox (5.73495pt too wide) in paragraph at lines 207--208
[]\T1/lmr/m/n/12 Uses \T1/lmtt/m/n/12 append([Element | After], Before, RotatedL
ist) \T1/lmr/m/n/12 to re-
 []


Overfull \hbox (6.22444pt too wide) in paragraph at lines 208--209
[]\T1/lmr/m/n/12 The sec-ond clause \T1/lmtt/m/n/12 rotate_list_to_start_with(Li
st, _, List)
 []


Overfull \hbox (2.3827pt too wide) in paragraph at lines 208--209
\T1/lmr/m/n/12 han-dles the case where the el-e-ment is al-ready first (the firs
t clause's
 []



[8]
Overfull \hbox (86.887pt too wide) in paragraph at lines 215--222
\T1/lmtt/m/n/12 nl/0 \T1/lmr/m/n/12 (new-line). 2. Calls \T1/lmtt/m/n/12 generat
e_edges/0\T1/lmr/m/n/12 . 3. Calls \T1/lmtt/m/n/12 find_all_elementary_cycles/1
 []


Overfull \hbox (120.94388pt too wide) in paragraph at lines 224--225
[]\T1/lmr/m/n/12 Calls \T1/lmtt/m/n/12 filter_simple_cycles/2 \T1/lmr/m/n/12 to get po-ten-tially non-unique \T1/lmtt/m/n/12 NormalizedSimpleCycles\T1/lmr/m/n/12 . 
 []


Overfull \hbox (81.33556pt too wide) in paragraph at lines 225--226
[]\T1/lmr/m/n/12 Uses \T1/lmtt/m/n/12 setof(NormCycle, Member[](member(Member, 
NormalizedSimpleCycles),
 []


Overfull \hbox (14.83264pt too wide) in paragraph at lines 235--236
[]\T1/lmtt/m/n/12 print_cycles_list/2\T1/lmr/m/n/12 : A helper pred-i-cate \T1/
lmtt/m/n/12 print_cycles_list(Header,
 []



[9]

[10]

[11] (./main.aux)
 ***********
LaTeX2e <2024-11-01> patch level 2
L3 programming layer <2025-01-18>
 ***********
Package rerunfilecheck Info: File `main.out' has not changed.
(rerunfilecheck)             Checksum: 0F7F5BA409A22B1E31828EBD9124D268;1427.
)

Here is how much of LuaTeX's memory you used:
 12195 strings out of 475506
 100000,662416 words of node,token memory allocated
 504 words of node memory still in use:
   6 hlist, 2 vlist, 2 rule, 2 glue, 4 kern, 1 glyph, 6 attribute, 56 glue_spec,
 6 attribute_list, 1 write nodes
   avail lists: 2:386,3:249,4:71,5:325,6:63,7:4930,8:5,9:357,10:8,11:280
 34962 multiletter control sequences out of 65536+600000
 64 fonts using 4010095 bytes
 72i,5n,75p,701b,492s stack positions out of 10000i,1000n,20000p,200000b,200000s
{C:/Users/fonta/AppData/Local/Programs/MiKTeX/fonts/enc/dvips/lm/lm-ts1.enc}{C:/
Users/fonta/AppData/Local/Programs/MiKTeX/fonts/enc/dvips/lm/lm-ec.enc}<C:/Users
/fonta/AppData/Local/Programs/MiKTeX/fonts/type1/public/amsfonts/cm/cmmi12.pfb><
C:/Users/fonta/AppData/Local/Programs/MiKTeX/fonts/type1/public/amsfonts/cm/cmr1
2.pfb><C:/Users/fonta/AppData/Local/Programs/MiKTeX/fonts/type1/public/amsfonts/
cm/cmsy10.pfb><C:/Users/fonta/AppData/Local/Programs/MiKTeX/fonts/type1/public/l
m/lmbx10.pfb><C:/Users/fonta/AppData/Local/Programs/MiKTeX/fonts/type1/public/lm
/lmbx12.pfb><C:/Users/fonta/AppData/Local/Programs/MiKTeX/fonts/type1/public/lm/
lmr10.pfb><C:/Users/fonta/AppData/Local/Programs/MiKTeX/fonts/type1/public/lm/lm
r12.pfb><C:/Users/fonta/AppData/Local/Programs/MiKTeX/fonts/type1/public/lm/lmr1
7.pfb><C:/Users/fonta/AppData/Local/Programs/MiKTeX/fonts/type1/public/lm/lmri12
.pfb><C:/Users/fonta/AppData/Local/Programs/MiKTeX/fonts/type1/public/lm/lmtt12.
pfb>
Output written on main.pdf (11 pages, 241646 bytes).

PDF statistics: 150 PDF objects out of 1000 (max. 8388607)
 23 named destinations out of 1000 (max. 131072)
 81 words of extra memory for PDF output out of 10000 (max. 100000000)

